-- Skipping the first line
New product
-----> Row
post status changed to publish
ping status changed to ping
menu order changed to 0
stock status changed to instock
backorders changed to no
manage_stock changed to no
Product saved with ID: 2980
No featured image available 
Image with url: https://allaerd.org/examples/allaerd.png uploaded
-----> end row
New product
http://zapchast-bu.ru/wp-content/uploads/shortcodes-ultimate-skins/trampler s provodami.jpg
-----> Row
post status changed to publish
ping status changed to ping
menu order changed to 0
stock status changed to instock
visibility changed to visible
backorders changed to no
featured changed to no
manage_stock changed to no
Product saved with ID: 2982
featured image is imported using the URL
Image with url: http://zapchast-bu.ru/wp-content/uploads/shortcodes-ultimate-skins/trampler s provodami.jpg uploaded
The image is attached as featured image
-----> end row
