2017-12-21T22:31:11+00:00 DEBUG ---[ New Import ] PHP Memory: 256 MB, WP Memory: 40 MB
2017-12-21T22:31:11+00:00 DEBUG Parsing order XML.
2017-12-21T22:31:11+00:00 DEBUG Finished parsing order XML.
2017-12-21T22:31:11+00:00 DEBUG ---
2017-12-21T22:31:11+00:00 DEBUG Processing orders.
2017-12-21T22:31:11+00:00 DEBUG Finished processing Orders.
2017-12-21T22:32:36+00:00 DEBUG ---[ New Import ] PHP Memory: 256 MB, WP Memory: 40 MB
2017-12-21T22:32:36+00:00 DEBUG Parsing order XML.
2017-12-21T22:32:36+00:00 DEBUG Finished parsing order XML.
2017-12-21T22:32:36+00:00 DEBUG ---
2017-12-21T22:32:36+00:00 DEBUG Processing orders.
2017-12-21T22:32:36+00:00 DEBUG Finished processing Orders.
2017-12-21T22:33:42+00:00 DEBUG ---[ New Import ] PHP Memory: 256 MB, WP Memory: 40 MB
2017-12-21T22:33:42+00:00 DEBUG Parsing order XML.
2017-12-21T22:33:42+00:00 DEBUG Finished parsing order XML.
2017-12-21T22:33:42+00:00 DEBUG ---
2017-12-21T22:33:42+00:00 DEBUG Processing orders.
2017-12-21T22:33:42+00:00 DEBUG > &#8220;&#8221;Order Successfully inserted.
2017-12-21T22:33:42+00:00 DEBUG > Finished importing order 
2017-12-21T22:33:42+00:00 DEBUG Finished processing orders.
2017-12-21T22:33:42+00:00 DEBUG Finished processing Orders.
2017-12-21T22:37:13+00:00 DEBUG ---[ New Import ] PHP Memory: 256 MB, WP Memory: 40 MB
2017-12-21T22:37:13+00:00 DEBUG Parsing order XML.
2017-12-21T22:37:13+00:00 DEBUG Finished parsing order XML.
2017-12-21T22:37:13+00:00 DEBUG ---
2017-12-21T22:37:13+00:00 DEBUG Processing orders.
2017-12-21T22:37:13+00:00 DEBUG > &#8220;2102&#8221;Order Successfully inserted.
2017-12-21T22:37:13+00:00 DEBUG > Finished importing order 2102
2017-12-21T22:37:13+00:00 DEBUG Finished processing orders.
2017-12-21T22:37:13+00:00 DEBUG Finished processing Orders.
2017-12-26T19:46:53+00:00 DEBUG ---[ New Import ] PHP Memory: 256 MB, WP Memory: 40 MB
2017-12-26T19:46:53+00:00 DEBUG Parsing order XML.
2017-12-26T19:46:53+00:00 DEBUG Finished parsing order XML.
2017-12-26T19:46:53+00:00 DEBUG ---
2017-12-26T19:46:53+00:00 DEBUG Processing orders.
2017-12-26T19:46:53+00:00 DEBUG Finished processing Orders.
